<?xml version="1.0" encoding="UTF-8"?>
<testng-results ignored="0" total="3" passed="3" failed="0" skipped="0">
  <reporter-output>
  </reporter-output>
  <suite started-at="2022-11-10T09:25:31 IST" name="testcases" finished-at="2022-11-10T09:25:31 IST" duration-ms="110">
    <groups>
    </groups>
    <test started-at="2022-11-10T09:25:31 IST" name="Users" finished-at="2022-11-10T09:25:31 IST" duration-ms="110">
      <class name="com.sgtesting.tests.testcases.Users">
        <test-method is-config="true" signature="setUp()[pri:0, instance:com.sgtesting.tests.testcases.Users@662b4c69]" started-at="2022-11-10T09:25:31 IST" name="setUp" finished-at="2022-11-10T09:25:31 IST" duration-ms="10" status="PASS">
          <reporter-output>
          </reporter-output>
        </test-method> <!-- setUp -->
        <test-method signature="createUser()[pri:0, instance:com.sgtesting.tests.testcases.Users@662b4c69]" started-at="2022-11-10T09:25:31 IST" name="createUser" finished-at="2022-11-10T09:25:31 IST" duration-ms="5" status="PASS">
          <reporter-output>
          </reporter-output>
        </test-method> <!-- createUser -->
        <test-method signature="deleteUser()[pri:0, instance:com.sgtesting.tests.testcases.Users@662b4c69]" started-at="2022-11-10T09:25:31 IST" name="deleteUser" finished-at="2022-11-10T09:25:31 IST" duration-ms="1" status="PASS">
          <reporter-output>
          </reporter-output>
        </test-method> <!-- deleteUser -->
        <test-method signature="modifyUser()[pri:0, instance:com.sgtesting.tests.testcases.Users@662b4c69]" started-at="2022-11-10T09:25:31 IST" name="modifyUser" finished-at="2022-11-10T09:25:31 IST" duration-ms="17" status="PASS">
          <reporter-output>
          </reporter-output>
        </test-method> <!-- modifyUser -->
        <test-method is-config="true" signature="tearDown()[pri:0, instance:com.sgtesting.tests.testcases.Users@662b4c69]" started-at="2022-11-10T09:25:31 IST" name="tearDown" finished-at="2022-11-10T09:25:31 IST" duration-ms="2" status="PASS">
          <reporter-output>
          </reporter-output>
        </test-method> <!-- tearDown -->
      </class> <!-- com.sgtesting.tests.testcases.Users -->
    </test> <!-- Users -->
  </suite> <!-- testcases -->
</testng-results>
