<?xml version="1.0" encoding="UTF-8"?>
<!-- Generated by org.testng.reporters.JUnitXMLReporter -->
<testsuite ignored="0" hostname="DESKTOP-NNGQNDK" failures="0" tests="3" name="Users" time="0.11" errors="0" timestamp="2022-11-10T09:25:31 IST">
  <testcase classname="com.sgtesting.tests.testcases.Users" name="createUser" time="0.005"/>
  <testcase classname="com.sgtesting.tests.testcases.Users" name="deleteUser" time="0.001"/>
  <testcase classname="com.sgtesting.tests.testcases.Users" name="modifyUser" time="0.017"/>
</testsuite> <!-- Users -->
